2005-04-26 21:29:12,135 - Log4JLogSystem initialized using logfile velocity.log
2005-04-26 21:29:12,136 - ************************************************************** 
2005-04-26 21:29:12,136 - Starting Jakarta Velocity v1.4-dev
2005-04-26 21:29:12,136 - RuntimeInstance initializing.
2005-04-26 21:29:12,136 - Default Properties File: org/apache/velocity/runtime/defaults/velocity.properties
2005-04-26 21:29:12,136 - Trying to use logger class middlegen.DontCloseLog4JLogSystem
2005-04-26 21:29:12,136 - Using logger class middlegen.DontCloseLog4JLogSystem
2005-04-26 21:29:12,144 - Default ResourceManager initializing. (class org.apache.velocity.runtime.resource.ResourceManagerImpl)
2005-04-26 21:29:12,161 - Resource Loader Instantiated: middlegen.KindFileResourceLoader
2005-04-26 21:29:12,162 - FileResourceLoader : initialization starting.
2005-04-26 21:29:12,162 - FileResourceLoader : adding path '.'
2005-04-26 21:29:12,162 - FileResourceLoader : initialization complete.
2005-04-26 21:29:12,162 - ClasspathResourceLoader : initialization starting.
2005-04-26 21:29:12,162 - ClasspathResourceLoader : initialization complete.
2005-04-26 21:29:12,167 - ResourceCache : initialized. (class org.apache.velocity.runtime.resource.ResourceCacheImpl)
2005-04-26 21:29:12,167 - Default ResourceManager initialization complete.
2005-04-26 21:29:12,172 - Loaded System Directive: org.apache.velocity.runtime.directive.Literal
2005-04-26 21:29:12,177 - Loaded System Directive: org.apache.velocity.runtime.directive.Macro
2005-04-26 21:29:12,184 - Loaded System Directive: org.apache.velocity.runtime.directive.Parse
2005-04-26 21:29:12,190 - Loaded System Directive: org.apache.velocity.runtime.directive.Include
2005-04-26 21:29:12,193 - Loaded System Directive: org.apache.velocity.runtime.directive.Foreach
2005-04-26 21:29:12,411 - Created: 20 parsers.
2005-04-26 21:29:12,438 - Velocimacro : initialization starting.
2005-04-26 21:29:12,438 - Velocimacro : adding VMs from VM library template : VM_global_library.vm
2005-04-26 21:29:12,450 - KindFileResourceLoader : file loader failed to load: VM_global_library.vm
2005-04-26 21:29:12,468 - ResourceManager : found VM_global_library.vm with loader middlegen.KindFileResourceLoader
2005-04-26 21:29:12,468 - Velocimacro :  VM library template macro registration complete.
2005-04-26 21:29:12,468 - Velocimacro : allowInline = true : VMs can be defined inline in templates
2005-04-26 21:29:12,468 - Velocimacro : allowInlineToOverride = false : VMs defined inline may NOT replace previous VM definitions
2005-04-26 21:29:12,468 - Velocimacro : allowInlineLocal = false : VMs defined inline will be  global in scope if allowed.
2005-04-26 21:29:12,468 - Velocimacro : messages on  : VM system will output logging messages
2005-04-26 21:29:12,469 - Velocimacro : autoload off  : VM system will not automatically reload global library macros
2005-04-26 21:29:12,469 - Velocimacro : initialization complete.
2005-04-26 21:29:12,469 - Velocity successfully started.
2005-05-02 20:55:37,437 - Log4JLogSystem initialized using logfile velocity.log
2005-05-02 20:55:37,464 - ************************************************************** 
2005-05-02 20:55:37,464 - Starting Jakarta Velocity v1.4-dev
2005-05-02 20:55:37,464 - RuntimeInstance initializing.
2005-05-02 20:55:37,464 - Default Properties File: org/apache/velocity/runtime/defaults/velocity.properties
2005-05-02 20:55:37,464 - Trying to use logger class middlegen.DontCloseLog4JLogSystem
2005-05-02 20:55:37,464 - Using logger class middlegen.DontCloseLog4JLogSystem
2005-05-02 20:55:37,472 - Default ResourceManager initializing. (class org.apache.velocity.runtime.resource.ResourceManagerImpl)
2005-05-02 20:55:37,489 - Resource Loader Instantiated: middlegen.KindFileResourceLoader
2005-05-02 20:55:37,490 - FileResourceLoader : initialization starting.
2005-05-02 20:55:37,490 - FileResourceLoader : adding path '.'
2005-05-02 20:55:37,490 - FileResourceLoader : initialization complete.
2005-05-02 20:55:37,490 - ClasspathResourceLoader : initialization starting.
2005-05-02 20:55:37,490 - ClasspathResourceLoader : initialization complete.
2005-05-02 20:55:37,511 - ResourceCache : initialized. (class org.apache.velocity.runtime.resource.ResourceCacheImpl)
2005-05-02 20:55:37,511 - Default ResourceManager initialization complete.
2005-05-02 20:55:37,516 - Loaded System Directive: org.apache.velocity.runtime.directive.Literal
2005-05-02 20:55:37,521 - Loaded System Directive: org.apache.velocity.runtime.directive.Macro
2005-05-02 20:55:37,614 - Loaded System Directive: org.apache.velocity.runtime.directive.Parse
2005-05-02 20:55:37,629 - Loaded System Directive: org.apache.velocity.runtime.directive.Include
2005-05-02 20:55:37,632 - Loaded System Directive: org.apache.velocity.runtime.directive.Foreach
2005-05-02 20:55:37,852 - Created: 20 parsers.
2005-05-02 20:55:37,879 - Velocimacro : initialization starting.
2005-05-02 20:55:37,879 - Velocimacro : adding VMs from VM library template : VM_global_library.vm
2005-05-02 20:55:37,891 - KindFileResourceLoader : file loader failed to load: VM_global_library.vm
2005-05-02 20:55:37,909 - ResourceManager : found VM_global_library.vm with loader middlegen.KindFileResourceLoader
2005-05-02 20:55:37,909 - Velocimacro :  VM library template macro registration complete.
2005-05-02 20:55:37,909 - Velocimacro : allowInline = true : VMs can be defined inline in templates
2005-05-02 20:55:37,909 - Velocimacro : allowInlineToOverride = false : VMs defined inline may NOT replace previous VM definitions
2005-05-02 20:55:37,909 - Velocimacro : allowInlineLocal = false : VMs defined inline will be  global in scope if allowed.
2005-05-02 20:55:37,910 - Velocimacro : messages on  : VM system will output logging messages
2005-05-02 20:55:37,910 - Velocimacro : autoload off  : VM system will not automatically reload global library macros
2005-05-02 20:55:37,910 - Velocimacro : initialization complete.
2005-05-02 20:55:37,910 - Velocity successfully started.
2005-05-02 22:17:28,976 - Log4JLogSystem initialized using logfile velocity.log
2005-05-02 22:17:28,977 - ************************************************************** 
2005-05-02 22:17:28,977 - Starting Jakarta Velocity v1.4-dev
2005-05-02 22:17:28,977 - RuntimeInstance initializing.
2005-05-02 22:17:28,977 - Default Properties File: org/apache/velocity/runtime/defaults/velocity.properties
2005-05-02 22:17:28,977 - Trying to use logger class middlegen.DontCloseLog4JLogSystem
2005-05-02 22:17:28,977 - Using logger class middlegen.DontCloseLog4JLogSystem
2005-05-02 22:17:28,985 - Default ResourceManager initializing. (class org.apache.velocity.runtime.resource.ResourceManagerImpl)
2005-05-02 22:17:29,002 - Resource Loader Instantiated: middlegen.KindFileResourceLoader
2005-05-02 22:17:29,003 - FileResourceLoader : initialization starting.
2005-05-02 22:17:29,003 - FileResourceLoader : adding path '.'
2005-05-02 22:17:29,003 - FileResourceLoader : initialization complete.
2005-05-02 22:17:29,003 - ClasspathResourceLoader : initialization starting.
2005-05-02 22:17:29,003 - ClasspathResourceLoader : initialization complete.
2005-05-02 22:17:29,008 - ResourceCache : initialized. (class org.apache.velocity.runtime.resource.ResourceCacheImpl)
2005-05-02 22:17:29,008 - Default ResourceManager initialization complete.
2005-05-02 22:17:29,013 - Loaded System Directive: org.apache.velocity.runtime.directive.Literal
2005-05-02 22:17:29,018 - Loaded System Directive: org.apache.velocity.runtime.directive.Macro
2005-05-02 22:17:29,025 - Loaded System Directive: org.apache.velocity.runtime.directive.Parse
2005-05-02 22:17:29,031 - Loaded System Directive: org.apache.velocity.runtime.directive.Include
2005-05-02 22:17:29,034 - Loaded System Directive: org.apache.velocity.runtime.directive.Foreach
2005-05-02 22:17:29,255 - Created: 20 parsers.
2005-05-02 22:17:29,281 - Velocimacro : initialization starting.
2005-05-02 22:17:29,281 - Velocimacro : adding VMs from VM library template : VM_global_library.vm
2005-05-02 22:17:29,295 - KindFileResourceLoader : file loader failed to load: VM_global_library.vm
2005-05-02 22:17:29,313 - ResourceManager : found VM_global_library.vm with loader middlegen.KindFileResourceLoader
2005-05-02 22:17:29,314 - Velocimacro :  VM library template macro registration complete.
2005-05-02 22:17:29,314 - Velocimacro : allowInline = true : VMs can be defined inline in templates
2005-05-02 22:17:29,314 - Velocimacro : allowInlineToOverride = false : VMs defined inline may NOT replace previous VM definitions
2005-05-02 22:17:29,314 - Velocimacro : allowInlineLocal = false : VMs defined inline will be  global in scope if allowed.
2005-05-02 22:17:29,314 - Velocimacro : messages on  : VM system will output logging messages
2005-05-02 22:17:29,314 - Velocimacro : autoload off  : VM system will not automatically reload global library macros
2005-05-02 22:17:29,314 - Velocimacro : initialization complete.
2005-05-02 22:17:29,314 - Velocity successfully started.
2005-05-03 21:16:22,186 - Log4JLogSystem initialized using logfile velocity.log
2005-05-03 21:16:22,195 - ************************************************************** 
2005-05-03 21:16:22,195 - Starting Jakarta Velocity v1.4-dev
2005-05-03 21:16:22,195 - RuntimeInstance initializing.
2005-05-03 21:16:22,196 - Default Properties File: org/apache/velocity/runtime/defaults/velocity.properties
2005-05-03 21:16:22,196 - Trying to use logger class middlegen.DontCloseLog4JLogSystem
2005-05-03 21:16:22,196 - Using logger class middlegen.DontCloseLog4JLogSystem
2005-05-03 21:16:22,204 - Default ResourceManager initializing. (class org.apache.velocity.runtime.resource.ResourceManagerImpl)
2005-05-03 21:16:22,223 - Resource Loader Instantiated: middlegen.KindFileResourceLoader
2005-05-03 21:16:22,223 - FileResourceLoader : initialization starting.
2005-05-03 21:16:22,223 - FileResourceLoader : adding path '.'
2005-05-03 21:16:22,223 - FileResourceLoader : initialization complete.
2005-05-03 21:16:22,223 - ClasspathResourceLoader : initialization starting.
2005-05-03 21:16:22,224 - ClasspathResourceLoader : initialization complete.
2005-05-03 21:16:22,229 - ResourceCache : initialized. (class org.apache.velocity.runtime.resource.ResourceCacheImpl)
2005-05-03 21:16:22,229 - Default ResourceManager initialization complete.
2005-05-03 21:16:22,234 - Loaded System Directive: org.apache.velocity.runtime.directive.Literal
2005-05-03 21:16:22,239 - Loaded System Directive: org.apache.velocity.runtime.directive.Macro
2005-05-03 21:16:22,246 - Loaded System Directive: org.apache.velocity.runtime.directive.Parse
2005-05-03 21:16:22,253 - Loaded System Directive: org.apache.velocity.runtime.directive.Include
2005-05-03 21:16:22,256 - Loaded System Directive: org.apache.velocity.runtime.directive.Foreach
2005-05-03 21:16:22,588 - Created: 20 parsers.
2005-05-03 21:16:22,617 - Velocimacro : initialization starting.
2005-05-03 21:16:22,618 - Velocimacro : adding VMs from VM library template : VM_global_library.vm
2005-05-03 21:16:22,627 - KindFileResourceLoader : file loader failed to load: VM_global_library.vm
2005-05-03 21:16:22,646 - ResourceManager : found VM_global_library.vm with loader middlegen.KindFileResourceLoader
2005-05-03 21:16:22,646 - Velocimacro :  VM library template macro registration complete.
2005-05-03 21:16:22,647 - Velocimacro : allowInline = true : VMs can be defined inline in templates
2005-05-03 21:16:22,647 - Velocimacro : allowInlineToOverride = false : VMs defined inline may NOT replace previous VM definitions
2005-05-03 21:16:22,647 - Velocimacro : allowInlineLocal = false : VMs defined inline will be  global in scope if allowed.
2005-05-03 21:16:22,647 - Velocimacro : messages on  : VM system will output logging messages
2005-05-03 21:16:22,647 - Velocimacro : autoload off  : VM system will not automatically reload global library macros
2005-05-03 21:16:22,647 - Velocimacro : initialization complete.
2005-05-03 21:16:22,647 - Velocity successfully started.
2005-05-03 22:11:06,587 - Log4JLogSystem initialized using logfile velocity.log
2005-05-03 22:11:06,587 - ************************************************************** 
2005-05-03 22:11:06,588 - Starting Jakarta Velocity v1.4-dev
2005-05-03 22:11:06,588 - RuntimeInstance initializing.
2005-05-03 22:11:06,588 - Default Properties File: org/apache/velocity/runtime/defaults/velocity.properties
2005-05-03 22:11:06,588 - Trying to use logger class middlegen.DontCloseLog4JLogSystem
2005-05-03 22:11:06,588 - Using logger class middlegen.DontCloseLog4JLogSystem
2005-05-03 22:11:06,596 - Default ResourceManager initializing. (class org.apache.velocity.runtime.resource.ResourceManagerImpl)
2005-05-03 22:11:06,613 - Resource Loader Instantiated: middlegen.KindFileResourceLoader
2005-05-03 22:11:06,614 - FileResourceLoader : initialization starting.
2005-05-03 22:11:06,614 - FileResourceLoader : adding path '.'
2005-05-03 22:11:06,614 - FileResourceLoader : initialization complete.
2005-05-03 22:11:06,614 - ClasspathResourceLoader : initialization starting.
2005-05-03 22:11:06,614 - ClasspathResourceLoader : initialization complete.
2005-05-03 22:11:06,619 - ResourceCache : initialized. (class org.apache.velocity.runtime.resource.ResourceCacheImpl)
2005-05-03 22:11:06,619 - Default ResourceManager initialization complete.
2005-05-03 22:11:06,624 - Loaded System Directive: org.apache.velocity.runtime.directive.Literal
2005-05-03 22:11:06,632 - Loaded System Directive: org.apache.velocity.runtime.directive.Macro
2005-05-03 22:11:06,636 - Loaded System Directive: org.apache.velocity.runtime.directive.Parse
2005-05-03 22:11:06,642 - Loaded System Directive: org.apache.velocity.runtime.directive.Include
2005-05-03 22:11:06,646 - Loaded System Directive: org.apache.velocity.runtime.directive.Foreach
2005-05-03 22:11:06,872 - Created: 20 parsers.
2005-05-03 22:11:06,897 - Velocimacro : initialization starting.
2005-05-03 22:11:06,897 - Velocimacro : adding VMs from VM library template : VM_global_library.vm
2005-05-03 22:11:06,907 - KindFileResourceLoader : file loader failed to load: VM_global_library.vm
2005-05-03 22:11:06,938 - ResourceManager : found VM_global_library.vm with loader middlegen.KindFileResourceLoader
2005-05-03 22:11:06,939 - Velocimacro :  VM library template macro registration complete.
2005-05-03 22:11:06,939 - Velocimacro : allowInline = true : VMs can be defined inline in templates
2005-05-03 22:11:06,939 - Velocimacro : allowInlineToOverride = false : VMs defined inline may NOT replace previous VM definitions
2005-05-03 22:11:06,939 - Velocimacro : allowInlineLocal = false : VMs defined inline will be  global in scope if allowed.
2005-05-03 22:11:06,939 - Velocimacro : messages on  : VM system will output logging messages
2005-05-03 22:11:06,939 - Velocimacro : autoload off  : VM system will not automatically reload global library macros
2005-05-03 22:11:06,939 - Velocimacro : initialization complete.
2005-05-03 22:11:06,939 - Velocity successfully started.
2005-05-03 22:34:11,922 - Log4JLogSystem initialized using logfile velocity.log
2005-05-03 22:34:11,923 - ************************************************************** 
2005-05-03 22:34:11,923 - Starting Jakarta Velocity v1.4-dev
2005-05-03 22:34:11,923 - RuntimeInstance initializing.
2005-05-03 22:34:11,923 - Default Properties File: org/apache/velocity/runtime/defaults/velocity.properties
2005-05-03 22:34:11,923 - Trying to use logger class middlegen.DontCloseLog4JLogSystem
2005-05-03 22:34:11,923 - Using logger class middlegen.DontCloseLog4JLogSystem
2005-05-03 22:34:11,931 - Default ResourceManager initializing. (class org.apache.velocity.runtime.resource.ResourceManagerImpl)
2005-05-03 22:34:11,949 - Resource Loader Instantiated: middlegen.KindFileResourceLoader
2005-05-03 22:34:11,950 - FileResourceLoader : initialization starting.
2005-05-03 22:34:11,950 - FileResourceLoader : adding path '.'
2005-05-03 22:34:11,950 - FileResourceLoader : initialization complete.
2005-05-03 22:34:11,950 - ClasspathResourceLoader : initialization starting.
2005-05-03 22:34:11,950 - ClasspathResourceLoader : initialization complete.
2005-05-03 22:34:11,955 - ResourceCache : initialized. (class org.apache.velocity.runtime.resource.ResourceCacheImpl)
2005-05-03 22:34:11,955 - Default ResourceManager initialization complete.
2005-05-03 22:34:11,960 - Loaded System Directive: org.apache.velocity.runtime.directive.Literal
2005-05-03 22:34:11,969 - Loaded System Directive: org.apache.velocity.runtime.directive.Macro
2005-05-03 22:34:11,973 - Loaded System Directive: org.apache.velocity.runtime.directive.Parse
2005-05-03 22:34:11,979 - Loaded System Directive: org.apache.velocity.runtime.directive.Include
2005-05-03 22:34:11,982 - Loaded System Directive: org.apache.velocity.runtime.directive.Foreach
2005-05-03 22:34:12,205 - Created: 20 parsers.
2005-05-03 22:34:12,231 - Velocimacro : initialization starting.
2005-05-03 22:34:12,231 - Velocimacro : adding VMs from VM library template : VM_global_library.vm
2005-05-03 22:34:12,241 - KindFileResourceLoader : file loader failed to load: VM_global_library.vm
2005-05-03 22:34:12,262 - ResourceManager : found VM_global_library.vm with loader middlegen.KindFileResourceLoader
2005-05-03 22:34:12,263 - Velocimacro :  VM library template macro registration complete.
2005-05-03 22:34:12,263 - Velocimacro : allowInline = true : VMs can be defined inline in templates
2005-05-03 22:34:12,263 - Velocimacro : allowInlineToOverride = false : VMs defined inline may NOT replace previous VM definitions
2005-05-03 22:34:12,263 - Velocimacro : allowInlineLocal = false : VMs defined inline will be  global in scope if allowed.
2005-05-03 22:34:12,263 - Velocimacro : messages on  : VM system will output logging messages
2005-05-03 22:34:12,263 - Velocimacro : autoload off  : VM system will not automatically reload global library macros
2005-05-03 22:34:12,263 - Velocimacro : initialization complete.
2005-05-03 22:34:12,263 - Velocity successfully started.
